<html>
<body>
<pre>
<h1>Vision Build Log</h1>
<h2>Tool Versions:</h2>
IDE-Version: μVision V5.40.0.0
Copyright (C) 2024 ARM Ltd and ARM Germany GmbH. All rights reserved.
License Information: Yuanzhao Liu, 河北科技大学, LIC=03C6R-KI26L-9UT4U-SD3AZ-Q16VA-NQPDB
 
Tool Versions:
Toolchain:       MDK-ARM Plus  Version: 5.40.0.3
Toolchain Path:  D:\Software\Keil_v5\ARM\ARMCLANG\Bin
C Compiler:      ArmClang.exe V6.22
Assembler:       Armasm.exe V6.22
Linker/Locator:  ArmLink.exe V6.22
Library Manager: ArmAr.exe V6.22
Hex Converter:   FromElf.exe V6.22
CPU DLL:         SARMCM3.DLL V5.40.0.3
Dialog DLL:      DCM.DLL V1.17.5.0
Target DLL:      Segger\JL2CM3.dll V2.99.44.0
Dialog DLL:      TCM.DLL V1.56.4.0
 
<h2>Project:</h2>
D:\Projects\CubeMX\R1_upper_board_5055launch_pos\MDK-ARM\rubbish.uvprojx
Project File Date:  06/26/2025

<h2>Output:</h2>
*** Using Compiler 'V6.22', folder: 'D:\Software\Keil_v5\ARM\ARMCLANG\Bin'
Build target 'rubbish'
Note: source file '..\MyLib\list.c' - object file renamed from '.\rubbish\list.o' to '.\rubbish\list_1.o'.
../MyTask/motorControl.c(81): error: expected expression
   81 |         RobStrideSetVelPID(&throw_motor,float kp,float ki);
      |                                         ^
../MyTask/motorControl.c(81): error: expected expression
   81 |         RobStrideSetVelPID(&throw_motor,float kp,float ki);
      |                                                  ^
../MyTask/motorControl.c(82): error: expected expression
   82 |         RobStrideSetLocPID(&throw_motor,float kp);
      |                                         ^
3 errors generated.
compiling motorControl.c...
compiling RobStride2.c...
".\rubbish\rubbish.axf" - 3 Error(s), 0 Warning(s).

<h2>Software Packages used:</h2>

Package Vendor: ARM
                https://www.keil.com/pack/ARM.CMSIS.6.1.0.pack
                ARM::CMSIS@6.1.0
                CMSIS (Common Microcontroller Software Interface Standard)
   * Component: CORE Version: 6.1.0

Package Vendor: Keil
                https://www.keil.com/pack/Keil.STM32F4xx_DFP.3.0.0.pack
                Keil::STM32F4xx_DFP@3.0.0
                STMicroelectronics STM32F4 Series Device Support

<h2>Collection of Component include folders:</h2>
  ./RTE/_rubbish
  D:/File/Arm/Packs/ARM/CMSIS/6.1.0/CMSIS/Core/Include

<h2>Collection of Component Files used:</h2>

   * Component: ARM::CMSIS:CORE@6.1.0
Target not created.
Build Time Elapsed:  00:00:03
</pre>
</body>
</html>
